have_builtin_func: checking for __builtin_clz()... -------------------- yes

"clang -o conftest -I/usr/local/Cellar/ruby@2.7/2.7.5/include/ruby-2.7.0/x86_64-darwin21 -I/usr/local/Cellar/ruby@2.7/2.7.5/include/ruby-2.7.0/ruby/backward -I/usr/local/Cellar/ruby@2.7/2.7.5/include/ruby-2.7.0 -I.  -I/usr/local/opt/libyaml/include -I/usr/local/opt/openssl@1.1/include -I/usr/local/opt/readline/include -D_XOPEN_SOURCE -D_DARWIN_C_SOURCE -D_DARWIN_UNLIMITED_SELECT -D_REENTRANT   -g -O2 -fno-common -pipe conftest.c  -L. -L/usr/local/Cellar/ruby@2.7/2.7.5/lib -L/usr/local/opt/libyaml/lib -L/usr/local/opt/openssl@1.1/lib -L/usr/local/opt/readline/lib -L. -fstack-protector-strong -L/usr/local/lib -L/usr/local/opt/libyaml/lib -L/usr/local/opt/openssl@1.1/lib -L/usr/local/opt/readline/lib     -lruby.2.7   "
checked program was:
/* begin */
1: #include "ruby.h"
2: 
3: int main(int argc, char **argv)
4: {
5:   return !!argv[argc];
6: }
/* end */

"clang -I/usr/local/Cellar/ruby@2.7/2.7.5/include/ruby-2.7.0/x86_64-darwin21 -I/usr/local/Cellar/ruby@2.7/2.7.5/include/ruby-2.7.0/ruby/backward -I/usr/local/Cellar/ruby@2.7/2.7.5/include/ruby-2.7.0 -I.  -I/usr/local/opt/libyaml/include -I/usr/local/opt/openssl@1.1/include -I/usr/local/opt/readline/include -D_XOPEN_SOURCE -D_DARWIN_C_SOURCE -D_DARWIN_UNLIMITED_SELECT -D_REENTRANT   -g -O2 -fno-common -pipe   -c conftest.c"
conftest.c:4:14: warning: ignoring return value of function declared with const attribute [-Wunused-value]
int main() { __builtin_clz(0); return 0; }
             ^~~~~~~~~~~~~ ~
1 warning generated.
checked program was:
/* begin */
1: #include "ruby.h"
2: 
3: int foo;
4: int main() { __builtin_clz(0); return 0; }
/* end */

--------------------

have_builtin_func: checking for __builtin_clzl()... -------------------- yes

"clang -I/usr/local/Cellar/ruby@2.7/2.7.5/include/ruby-2.7.0/x86_64-darwin21 -I/usr/local/Cellar/ruby@2.7/2.7.5/include/ruby-2.7.0/ruby/backward -I/usr/local/Cellar/ruby@2.7/2.7.5/include/ruby-2.7.0 -I.  -I/usr/local/opt/libyaml/include -I/usr/local/opt/openssl@1.1/include -I/usr/local/opt/readline/include -D_XOPEN_SOURCE -D_DARWIN_C_SOURCE -D_DARWIN_UNLIMITED_SELECT -D_REENTRANT   -g -O2 -fno-common -pipe   -c conftest.c"
conftest.c:4:14: warning: ignoring return value of function declared with const attribute [-Wunused-value]
int main() { __builtin_clzl(0); return 0; }
             ^~~~~~~~~~~~~~ ~
1 warning generated.
checked program was:
/* begin */
1: #include "ruby.h"
2: 
3: int foo;
4: int main() { __builtin_clzl(0); return 0; }
/* end */

--------------------

have_builtin_func: checking for __builtin_clzll()... -------------------- yes

"clang -I/usr/local/Cellar/ruby@2.7/2.7.5/include/ruby-2.7.0/x86_64-darwin21 -I/usr/local/Cellar/ruby@2.7/2.7.5/include/ruby-2.7.0/ruby/backward -I/usr/local/Cellar/ruby@2.7/2.7.5/include/ruby-2.7.0 -I.  -I/usr/local/opt/libyaml/include -I/usr/local/opt/openssl@1.1/include -I/usr/local/opt/readline/include -D_XOPEN_SOURCE -D_DARWIN_C_SOURCE -D_DARWIN_UNLIMITED_SELECT -D_REENTRANT   -g -O2 -fno-common -pipe   -c conftest.c"
conftest.c:4:14: warning: ignoring return value of function declared with const attribute [-Wunused-value]
int main() { __builtin_clzll(0); return 0; }
             ^~~~~~~~~~~~~~~ ~
1 warning generated.
checked program was:
/* begin */
1: #include "ruby.h"
2: 
3: int foo;
4: int main() { __builtin_clzll(0); return 0; }
/* end */

--------------------

have_header: checking for float.h... -------------------- yes

"clang -E -I/usr/local/Cellar/ruby@2.7/2.7.5/include/ruby-2.7.0/x86_64-darwin21 -I/usr/local/Cellar/ruby@2.7/2.7.5/include/ruby-2.7.0/ruby/backward -I/usr/local/Cellar/ruby@2.7/2.7.5/include/ruby-2.7.0 -I.  -I/usr/local/opt/libyaml/include -I/usr/local/opt/openssl@1.1/include -I/usr/local/opt/readline/include -D_XOPEN_SOURCE -D_DARWIN_C_SOURCE -D_DARWIN_UNLIMITED_SELECT -D_REENTRANT   -g -O2 -fno-common -pipe  conftest.c -o conftest.i"
checked program was:
/* begin */
1: #include "ruby.h"
2: 
3: #include <float.h>
/* end */

--------------------

have_header: checking for math.h... -------------------- yes

"clang -E -I/usr/local/Cellar/ruby@2.7/2.7.5/include/ruby-2.7.0/x86_64-darwin21 -I/usr/local/Cellar/ruby@2.7/2.7.5/include/ruby-2.7.0/ruby/backward -I/usr/local/Cellar/ruby@2.7/2.7.5/include/ruby-2.7.0 -I.  -I/usr/local/opt/libyaml/include -I/usr/local/opt/openssl@1.1/include -I/usr/local/opt/readline/include -D_XOPEN_SOURCE -D_DARWIN_C_SOURCE -D_DARWIN_UNLIMITED_SELECT -D_REENTRANT   -g -O2 -fno-common -pipe  conftest.c -o conftest.i"
checked program was:
/* begin */
1: #include "ruby.h"
2: 
3: #include <math.h>
/* end */

--------------------

have_header: checking for stdbool.h... -------------------- yes

"clang -E -I/usr/local/Cellar/ruby@2.7/2.7.5/include/ruby-2.7.0/x86_64-darwin21 -I/usr/local/Cellar/ruby@2.7/2.7.5/include/ruby-2.7.0/ruby/backward -I/usr/local/Cellar/ruby@2.7/2.7.5/include/ruby-2.7.0 -I.  -I/usr/local/opt/libyaml/include -I/usr/local/opt/openssl@1.1/include -I/usr/local/opt/readline/include -D_XOPEN_SOURCE -D_DARWIN_C_SOURCE -D_DARWIN_UNLIMITED_SELECT -D_REENTRANT   -g -O2 -fno-common -pipe  conftest.c -o conftest.i"
checked program was:
/* begin */
1: #include "ruby.h"
2: 
3: #include <stdbool.h>
/* end */

--------------------

have_header: checking for stdlib.h... -------------------- yes

"clang -E -I/usr/local/Cellar/ruby@2.7/2.7.5/include/ruby-2.7.0/x86_64-darwin21 -I/usr/local/Cellar/ruby@2.7/2.7.5/include/ruby-2.7.0/ruby/backward -I/usr/local/Cellar/ruby@2.7/2.7.5/include/ruby-2.7.0 -I.  -I/usr/local/opt/libyaml/include -I/usr/local/opt/openssl@1.1/include -I/usr/local/opt/readline/include -D_XOPEN_SOURCE -D_DARWIN_C_SOURCE -D_DARWIN_UNLIMITED_SELECT -D_REENTRANT   -g -O2 -fno-common -pipe  conftest.c -o conftest.i"
checked program was:
/* begin */
1: #include "ruby.h"
2: 
3: #include <stdlib.h>
/* end */

--------------------

have_header: checking for x86intrin.h... -------------------- yes

"clang -E -I/usr/local/Cellar/ruby@2.7/2.7.5/include/ruby-2.7.0/x86_64-darwin21 -I/usr/local/Cellar/ruby@2.7/2.7.5/include/ruby-2.7.0/ruby/backward -I/usr/local/Cellar/ruby@2.7/2.7.5/include/ruby-2.7.0 -I.  -I/usr/local/opt/libyaml/include -I/usr/local/opt/openssl@1.1/include -I/usr/local/opt/readline/include -D_XOPEN_SOURCE -D_DARWIN_C_SOURCE -D_DARWIN_UNLIMITED_SELECT -D_REENTRANT   -g -O2 -fno-common -pipe  conftest.c -o conftest.i"
checked program was:
/* begin */
1: #include "ruby.h"
2: 
3: #include <x86intrin.h>
/* end */

--------------------

have_func: checking for _lzcnt_u32() in x86intrin.h... -------------------- yes

"clang -o conftest -I/usr/local/Cellar/ruby@2.7/2.7.5/include/ruby-2.7.0/x86_64-darwin21 -I/usr/local/Cellar/ruby@2.7/2.7.5/include/ruby-2.7.0/ruby/backward -I/usr/local/Cellar/ruby@2.7/2.7.5/include/ruby-2.7.0 -I.  -I/usr/local/opt/libyaml/include -I/usr/local/opt/openssl@1.1/include -I/usr/local/opt/readline/include -D_XOPEN_SOURCE -D_DARWIN_C_SOURCE -D_DARWIN_UNLIMITED_SELECT -D_REENTRANT   -g -O2 -fno-common -pipe conftest.c  -L. -L/usr/local/Cellar/ruby@2.7/2.7.5/lib -L/usr/local/opt/libyaml/lib -L/usr/local/opt/openssl@1.1/lib -L/usr/local/opt/readline/lib -L. -fstack-protector-strong -L/usr/local/lib -L/usr/local/opt/libyaml/lib -L/usr/local/opt/openssl@1.1/lib -L/usr/local/opt/readline/lib     -lruby.2.7   "
checked program was:
/* begin */
 1: #include "ruby.h"
 2: 
 3: #include <x86intrin.h>
 4: 
 5: /*top*/
 6: extern int t(void);
 7: int main(int argc, char **argv)
 8: {
 9:   if (argc > 1000000) {
10:     int (* volatile tp)(void)=(int (*)(void))&t;
11:     printf("%d", (*tp)());
12:   }
13: 
14:   return !!argv[argc];
15: }
16: int t(void) { void ((*volatile p)()); p = (void ((*)()))_lzcnt_u32; return !p; }
/* end */

--------------------

have_func: checking for _lzcnt_u64() in x86intrin.h... -------------------- yes

"clang -o conftest -I/usr/local/Cellar/ruby@2.7/2.7.5/include/ruby-2.7.0/x86_64-darwin21 -I/usr/local/Cellar/ruby@2.7/2.7.5/include/ruby-2.7.0/ruby/backward -I/usr/local/Cellar/ruby@2.7/2.7.5/include/ruby-2.7.0 -I.  -I/usr/local/opt/libyaml/include -I/usr/local/opt/openssl@1.1/include -I/usr/local/opt/readline/include -D_XOPEN_SOURCE -D_DARWIN_C_SOURCE -D_DARWIN_UNLIMITED_SELECT -D_REENTRANT   -g -O2 -fno-common -pipe conftest.c  -L. -L/usr/local/Cellar/ruby@2.7/2.7.5/lib -L/usr/local/opt/libyaml/lib -L/usr/local/opt/openssl@1.1/lib -L/usr/local/opt/readline/lib -L. -fstack-protector-strong -L/usr/local/lib -L/usr/local/opt/libyaml/lib -L/usr/local/opt/openssl@1.1/lib -L/usr/local/opt/readline/lib     -lruby.2.7   "
checked program was:
/* begin */
 1: #include "ruby.h"
 2: 
 3: #include <x86intrin.h>
 4: 
 5: /*top*/
 6: extern int t(void);
 7: int main(int argc, char **argv)
 8: {
 9:   if (argc > 1000000) {
10:     int (* volatile tp)(void)=(int (*)(void))&t;
11:     printf("%d", (*tp)());
12:   }
13: 
14:   return !!argv[argc];
15: }
16: int t(void) { void ((*volatile p)()); p = (void ((*)()))_lzcnt_u64; return !p; }
/* end */

--------------------

have_header: checking for intrin.h... -------------------- no

"clang -E -I/usr/local/Cellar/ruby@2.7/2.7.5/include/ruby-2.7.0/x86_64-darwin21 -I/usr/local/Cellar/ruby@2.7/2.7.5/include/ruby-2.7.0/ruby/backward -I/usr/local/Cellar/ruby@2.7/2.7.5/include/ruby-2.7.0 -I.  -I/usr/local/opt/libyaml/include -I/usr/local/opt/openssl@1.1/include -I/usr/local/opt/readline/include -D_XOPEN_SOURCE -D_DARWIN_C_SOURCE -D_DARWIN_UNLIMITED_SELECT -D_REENTRANT   -g -O2 -fno-common -pipe  conftest.c -o conftest.i"
In file included from conftest.c:3:
/Library/Developer/CommandLineTools/usr/lib/clang/15.0.0/include/intrin.h:12:15: fatal error: 'intrin.h' file not found
#include_next <intrin.h>
              ^~~~~~~~~~
1 error generated.
checked program was:
/* begin */
1: #include "ruby.h"
2: 
3: #include <intrin.h>
/* end */

--------------------

have_func: checking for __lzcnt() in intrin.h... -------------------- no

"clang -o conftest -I/usr/local/Cellar/ruby@2.7/2.7.5/include/ruby-2.7.0/x86_64-darwin21 -I/usr/local/Cellar/ruby@2.7/2.7.5/include/ruby-2.7.0/ruby/backward -I/usr/local/Cellar/ruby@2.7/2.7.5/include/ruby-2.7.0 -I.  -I/usr/local/opt/libyaml/include -I/usr/local/opt/openssl@1.1/include -I/usr/local/opt/readline/include -D_XOPEN_SOURCE -D_DARWIN_C_SOURCE -D_DARWIN_UNLIMITED_SELECT -D_REENTRANT   -g -O2 -fno-common -pipe conftest.c  -L. -L/usr/local/Cellar/ruby@2.7/2.7.5/lib -L/usr/local/opt/libyaml/lib -L/usr/local/opt/openssl@1.1/lib -L/usr/local/opt/readline/lib -L. -fstack-protector-strong -L/usr/local/lib -L/usr/local/opt/libyaml/lib -L/usr/local/opt/openssl@1.1/lib -L/usr/local/opt/readline/lib     -lruby.2.7   "
In file included from conftest.c:3:
/Library/Developer/CommandLineTools/usr/lib/clang/15.0.0/include/intrin.h:12:15: fatal error: 'intrin.h' file not found
#include_next <intrin.h>
              ^~~~~~~~~~
1 error generated.
checked program was:
/* begin */
 1: #include "ruby.h"
 2: 
 3: #include <intrin.h>
 4: 
 5: /*top*/
 6: extern int t(void);
 7: int main(int argc, char **argv)
 8: {
 9:   if (argc > 1000000) {
10:     int (* volatile tp)(void)=(int (*)(void))&t;
11:     printf("%d", (*tp)());
12:   }
13: 
14:   return !!argv[argc];
15: }
16: int t(void) { void ((*volatile p)()); p = (void ((*)()))__lzcnt; return !p; }
/* end */

"clang -o conftest -I/usr/local/Cellar/ruby@2.7/2.7.5/include/ruby-2.7.0/x86_64-darwin21 -I/usr/local/Cellar/ruby@2.7/2.7.5/include/ruby-2.7.0/ruby/backward -I/usr/local/Cellar/ruby@2.7/2.7.5/include/ruby-2.7.0 -I.  -I/usr/local/opt/libyaml/include -I/usr/local/opt/openssl@1.1/include -I/usr/local/opt/readline/include -D_XOPEN_SOURCE -D_DARWIN_C_SOURCE -D_DARWIN_UNLIMITED_SELECT -D_REENTRANT   -g -O2 -fno-common -pipe conftest.c  -L. -L/usr/local/Cellar/ruby@2.7/2.7.5/lib -L/usr/local/opt/libyaml/lib -L/usr/local/opt/openssl@1.1/lib -L/usr/local/opt/readline/lib -L. -fstack-protector-strong -L/usr/local/lib -L/usr/local/opt/libyaml/lib -L/usr/local/opt/openssl@1.1/lib -L/usr/local/opt/readline/lib     -lruby.2.7   "
In file included from conftest.c:3:
/Library/Developer/CommandLineTools/usr/lib/clang/15.0.0/include/intrin.h:12:15: fatal error: 'intrin.h' file not found
#include_next <intrin.h>
              ^~~~~~~~~~
1 error generated.
checked program was:
/* begin */
 1: #include "ruby.h"
 2: 
 3: #include <intrin.h>
 4: 
 5: /*top*/
 6: extern int t(void);
 7: int main(int argc, char **argv)
 8: {
 9:   if (argc > 1000000) {
10:     int (* volatile tp)(void)=(int (*)(void))&t;
11:     printf("%d", (*tp)());
12:   }
13: 
14:   return !!argv[argc];
15: }
16: extern void __lzcnt();
17: int t(void) { __lzcnt(); return 0; }
/* end */

--------------------

have_func: checking for __lzcnt64() in intrin.h... -------------------- no

"clang -o conftest -I/usr/local/Cellar/ruby@2.7/2.7.5/include/ruby-2.7.0/x86_64-darwin21 -I/usr/local/Cellar/ruby@2.7/2.7.5/include/ruby-2.7.0/ruby/backward -I/usr/local/Cellar/ruby@2.7/2.7.5/include/ruby-2.7.0 -I.  -I/usr/local/opt/libyaml/include -I/usr/local/opt/openssl@1.1/include -I/usr/local/opt/readline/include -D_XOPEN_SOURCE -D_DARWIN_C_SOURCE -D_DARWIN_UNLIMITED_SELECT -D_REENTRANT   -g -O2 -fno-common -pipe conftest.c  -L. -L/usr/local/Cellar/ruby@2.7/2.7.5/lib -L/usr/local/opt/libyaml/lib -L/usr/local/opt/openssl@1.1/lib -L/usr/local/opt/readline/lib -L. -fstack-protector-strong -L/usr/local/lib -L/usr/local/opt/libyaml/lib -L/usr/local/opt/openssl@1.1/lib -L/usr/local/opt/readline/lib     -lruby.2.7   "
In file included from conftest.c:3:
/Library/Developer/CommandLineTools/usr/lib/clang/15.0.0/include/intrin.h:12:15: fatal error: 'intrin.h' file not found
#include_next <intrin.h>
              ^~~~~~~~~~
1 error generated.
checked program was:
/* begin */
 1: #include "ruby.h"
 2: 
 3: #include <intrin.h>
 4: 
 5: /*top*/
 6: extern int t(void);
 7: int main(int argc, char **argv)
 8: {
 9:   if (argc > 1000000) {
10:     int (* volatile tp)(void)=(int (*)(void))&t;
11:     printf("%d", (*tp)());
12:   }
13: 
14:   return !!argv[argc];
15: }
16: int t(void) { void ((*volatile p)()); p = (void ((*)()))__lzcnt64; return !p; }
/* end */

"clang -o conftest -I/usr/local/Cellar/ruby@2.7/2.7.5/include/ruby-2.7.0/x86_64-darwin21 -I/usr/local/Cellar/ruby@2.7/2.7.5/include/ruby-2.7.0/ruby/backward -I/usr/local/Cellar/ruby@2.7/2.7.5/include/ruby-2.7.0 -I.  -I/usr/local/opt/libyaml/include -I/usr/local/opt/openssl@1.1/include -I/usr/local/opt/readline/include -D_XOPEN_SOURCE -D_DARWIN_C_SOURCE -D_DARWIN_UNLIMITED_SELECT -D_REENTRANT   -g -O2 -fno-common -pipe conftest.c  -L. -L/usr/local/Cellar/ruby@2.7/2.7.5/lib -L/usr/local/opt/libyaml/lib -L/usr/local/opt/openssl@1.1/lib -L/usr/local/opt/readline/lib -L. -fstack-protector-strong -L/usr/local/lib -L/usr/local/opt/libyaml/lib -L/usr/local/opt/openssl@1.1/lib -L/usr/local/opt/readline/lib     -lruby.2.7   "
In file included from conftest.c:3:
/Library/Developer/CommandLineTools/usr/lib/clang/15.0.0/include/intrin.h:12:15: fatal error: 'intrin.h' file not found
#include_next <intrin.h>
              ^~~~~~~~~~
1 error generated.
checked program was:
/* begin */
 1: #include "ruby.h"
 2: 
 3: #include <intrin.h>
 4: 
 5: /*top*/
 6: extern int t(void);
 7: int main(int argc, char **argv)
 8: {
 9:   if (argc > 1000000) {
10:     int (* volatile tp)(void)=(int (*)(void))&t;
11:     printf("%d", (*tp)());
12:   }
13: 
14:   return !!argv[argc];
15: }
16: extern void __lzcnt64();
17: int t(void) { __lzcnt64(); return 0; }
/* end */

--------------------

have_func: checking for _BitScanReverse() in intrin.h... -------------------- no

"clang -o conftest -I/usr/local/Cellar/ruby@2.7/2.7.5/include/ruby-2.7.0/x86_64-darwin21 -I/usr/local/Cellar/ruby@2.7/2.7.5/include/ruby-2.7.0/ruby/backward -I/usr/local/Cellar/ruby@2.7/2.7.5/include/ruby-2.7.0 -I.  -I/usr/local/opt/libyaml/include -I/usr/local/opt/openssl@1.1/include -I/usr/local/opt/readline/include -D_XOPEN_SOURCE -D_DARWIN_C_SOURCE -D_DARWIN_UNLIMITED_SELECT -D_REENTRANT   -g -O2 -fno-common -pipe conftest.c  -L. -L/usr/local/Cellar/ruby@2.7/2.7.5/lib -L/usr/local/opt/libyaml/lib -L/usr/local/opt/openssl@1.1/lib -L/usr/local/opt/readline/lib -L. -fstack-protector-strong -L/usr/local/lib -L/usr/local/opt/libyaml/lib -L/usr/local/opt/openssl@1.1/lib -L/usr/local/opt/readline/lib     -lruby.2.7   "
In file included from conftest.c:3:
/Library/Developer/CommandLineTools/usr/lib/clang/15.0.0/include/intrin.h:12:15: fatal error: 'intrin.h' file not found
#include_next <intrin.h>
              ^~~~~~~~~~
1 error generated.
checked program was:
/* begin */
 1: #include "ruby.h"
 2: 
 3: #include <intrin.h>
 4: 
 5: /*top*/
 6: extern int t(void);
 7: int main(int argc, char **argv)
 8: {
 9:   if (argc > 1000000) {
10:     int (* volatile tp)(void)=(int (*)(void))&t;
11:     printf("%d", (*tp)());
12:   }
13: 
14:   return !!argv[argc];
15: }
16: int t(void) { void ((*volatile p)()); p = (void ((*)()))_BitScanReverse; return !p; }
/* end */

"clang -o conftest -I/usr/local/Cellar/ruby@2.7/2.7.5/include/ruby-2.7.0/x86_64-darwin21 -I/usr/local/Cellar/ruby@2.7/2.7.5/include/ruby-2.7.0/ruby/backward -I/usr/local/Cellar/ruby@2.7/2.7.5/include/ruby-2.7.0 -I.  -I/usr/local/opt/libyaml/include -I/usr/local/opt/openssl@1.1/include -I/usr/local/opt/readline/include -D_XOPEN_SOURCE -D_DARWIN_C_SOURCE -D_DARWIN_UNLIMITED_SELECT -D_REENTRANT   -g -O2 -fno-common -pipe conftest.c  -L. -L/usr/local/Cellar/ruby@2.7/2.7.5/lib -L/usr/local/opt/libyaml/lib -L/usr/local/opt/openssl@1.1/lib -L/usr/local/opt/readline/lib -L. -fstack-protector-strong -L/usr/local/lib -L/usr/local/opt/libyaml/lib -L/usr/local/opt/openssl@1.1/lib -L/usr/local/opt/readline/lib     -lruby.2.7   "
In file included from conftest.c:3:
/Library/Developer/CommandLineTools/usr/lib/clang/15.0.0/include/intrin.h:12:15: fatal error: 'intrin.h' file not found
#include_next <intrin.h>
              ^~~~~~~~~~
1 error generated.
checked program was:
/* begin */
 1: #include "ruby.h"
 2: 
 3: #include <intrin.h>
 4: 
 5: /*top*/
 6: extern int t(void);
 7: int main(int argc, char **argv)
 8: {
 9:   if (argc > 1000000) {
10:     int (* volatile tp)(void)=(int (*)(void))&t;
11:     printf("%d", (*tp)());
12:   }
13: 
14:   return !!argv[argc];
15: }
16: extern void _BitScanReverse();
17: int t(void) { _BitScanReverse(); return 0; }
/* end */

--------------------

have_func: checking for _BitScanReverse64() in intrin.h... -------------------- no

"clang -o conftest -I/usr/local/Cellar/ruby@2.7/2.7.5/include/ruby-2.7.0/x86_64-darwin21 -I/usr/local/Cellar/ruby@2.7/2.7.5/include/ruby-2.7.0/ruby/backward -I/usr/local/Cellar/ruby@2.7/2.7.5/include/ruby-2.7.0 -I.  -I/usr/local/opt/libyaml/include -I/usr/local/opt/openssl@1.1/include -I/usr/local/opt/readline/include -D_XOPEN_SOURCE -D_DARWIN_C_SOURCE -D_DARWIN_UNLIMITED_SELECT -D_REENTRANT   -g -O2 -fno-common -pipe conftest.c  -L. -L/usr/local/Cellar/ruby@2.7/2.7.5/lib -L/usr/local/opt/libyaml/lib -L/usr/local/opt/openssl@1.1/lib -L/usr/local/opt/readline/lib -L. -fstack-protector-strong -L/usr/local/lib -L/usr/local/opt/libyaml/lib -L/usr/local/opt/openssl@1.1/lib -L/usr/local/opt/readline/lib     -lruby.2.7   "
In file included from conftest.c:3:
/Library/Developer/CommandLineTools/usr/lib/clang/15.0.0/include/intrin.h:12:15: fatal error: 'intrin.h' file not found
#include_next <intrin.h>
              ^~~~~~~~~~
1 error generated.
checked program was:
/* begin */
 1: #include "ruby.h"
 2: 
 3: #include <intrin.h>
 4: 
 5: /*top*/
 6: extern int t(void);
 7: int main(int argc, char **argv)
 8: {
 9:   if (argc > 1000000) {
10:     int (* volatile tp)(void)=(int (*)(void))&t;
11:     printf("%d", (*tp)());
12:   }
13: 
14:   return !!argv[argc];
15: }
16: int t(void) { void ((*volatile p)()); p = (void ((*)()))_BitScanReverse64; return !p; }
/* end */

"clang -o conftest -I/usr/local/Cellar/ruby@2.7/2.7.5/include/ruby-2.7.0/x86_64-darwin21 -I/usr/local/Cellar/ruby@2.7/2.7.5/include/ruby-2.7.0/ruby/backward -I/usr/local/Cellar/ruby@2.7/2.7.5/include/ruby-2.7.0 -I.  -I/usr/local/opt/libyaml/include -I/usr/local/opt/openssl@1.1/include -I/usr/local/opt/readline/include -D_XOPEN_SOURCE -D_DARWIN_C_SOURCE -D_DARWIN_UNLIMITED_SELECT -D_REENTRANT   -g -O2 -fno-common -pipe conftest.c  -L. -L/usr/local/Cellar/ruby@2.7/2.7.5/lib -L/usr/local/opt/libyaml/lib -L/usr/local/opt/openssl@1.1/lib -L/usr/local/opt/readline/lib -L. -fstack-protector-strong -L/usr/local/lib -L/usr/local/opt/libyaml/lib -L/usr/local/opt/openssl@1.1/lib -L/usr/local/opt/readline/lib     -lruby.2.7   "
In file included from conftest.c:3:
/Library/Developer/CommandLineTools/usr/lib/clang/15.0.0/include/intrin.h:12:15: fatal error: 'intrin.h' file not found
#include_next <intrin.h>
              ^~~~~~~~~~
1 error generated.
checked program was:
/* begin */
 1: #include "ruby.h"
 2: 
 3: #include <intrin.h>
 4: 
 5: /*top*/
 6: extern int t(void);
 7: int main(int argc, char **argv)
 8: {
 9:   if (argc > 1000000) {
10:     int (* volatile tp)(void)=(int (*)(void))&t;
11:     printf("%d", (*tp)());
12:   }
13: 
14:   return !!argv[argc];
15: }
16: extern void _BitScanReverse64();
17: int t(void) { _BitScanReverse64(); return 0; }
/* end */

--------------------

have_func: checking for labs() in stdlib.h... -------------------- yes

"clang -o conftest -I/usr/local/Cellar/ruby@2.7/2.7.5/include/ruby-2.7.0/x86_64-darwin21 -I/usr/local/Cellar/ruby@2.7/2.7.5/include/ruby-2.7.0/ruby/backward -I/usr/local/Cellar/ruby@2.7/2.7.5/include/ruby-2.7.0 -I.  -I/usr/local/opt/libyaml/include -I/usr/local/opt/openssl@1.1/include -I/usr/local/opt/readline/include -D_XOPEN_SOURCE -D_DARWIN_C_SOURCE -D_DARWIN_UNLIMITED_SELECT -D_REENTRANT   -g -O2 -fno-common -pipe conftest.c  -L. -L/usr/local/Cellar/ruby@2.7/2.7.5/lib -L/usr/local/opt/libyaml/lib -L/usr/local/opt/openssl@1.1/lib -L/usr/local/opt/readline/lib -L. -fstack-protector-strong -L/usr/local/lib -L/usr/local/opt/libyaml/lib -L/usr/local/opt/openssl@1.1/lib -L/usr/local/opt/readline/lib     -lruby.2.7   "
checked program was:
/* begin */
 1: #include "ruby.h"
 2: 
 3: #include <stdlib.h>
 4: 
 5: /*top*/
 6: extern int t(void);
 7: int main(int argc, char **argv)
 8: {
 9:   if (argc > 1000000) {
10:     int (* volatile tp)(void)=(int (*)(void))&t;
11:     printf("%d", (*tp)());
12:   }
13: 
14:   return !!argv[argc];
15: }
16: int t(void) { void ((*volatile p)()); p = (void ((*)()))labs; return !p; }
/* end */

--------------------

have_func: checking for llabs() in stdlib.h... -------------------- yes

"clang -o conftest -I/usr/local/Cellar/ruby@2.7/2.7.5/include/ruby-2.7.0/x86_64-darwin21 -I/usr/local/Cellar/ruby@2.7/2.7.5/include/ruby-2.7.0/ruby/backward -I/usr/local/Cellar/ruby@2.7/2.7.5/include/ruby-2.7.0 -I.  -I/usr/local/opt/libyaml/include -I/usr/local/opt/openssl@1.1/include -I/usr/local/opt/readline/include -D_XOPEN_SOURCE -D_DARWIN_C_SOURCE -D_DARWIN_UNLIMITED_SELECT -D_REENTRANT   -g -O2 -fno-common -pipe conftest.c  -L. -L/usr/local/Cellar/ruby@2.7/2.7.5/lib -L/usr/local/opt/libyaml/lib -L/usr/local/opt/openssl@1.1/lib -L/usr/local/opt/readline/lib -L. -fstack-protector-strong -L/usr/local/lib -L/usr/local/opt/libyaml/lib -L/usr/local/opt/openssl@1.1/lib -L/usr/local/opt/readline/lib     -lruby.2.7   "
checked program was:
/* begin */
 1: #include "ruby.h"
 2: 
 3: #include <stdlib.h>
 4: 
 5: /*top*/
 6: extern int t(void);
 7: int main(int argc, char **argv)
 8: {
 9:   if (argc > 1000000) {
10:     int (* volatile tp)(void)=(int (*)(void))&t;
11:     printf("%d", (*tp)());
12:   }
13: 
14:   return !!argv[argc];
15: }
16: int t(void) { void ((*volatile p)()); p = (void ((*)()))llabs; return !p; }
/* end */

--------------------

have_func: checking for finite() in math.h... -------------------- yes

"clang -o conftest -I/usr/local/Cellar/ruby@2.7/2.7.5/include/ruby-2.7.0/x86_64-darwin21 -I/usr/local/Cellar/ruby@2.7/2.7.5/include/ruby-2.7.0/ruby/backward -I/usr/local/Cellar/ruby@2.7/2.7.5/include/ruby-2.7.0 -I.  -I/usr/local/opt/libyaml/include -I/usr/local/opt/openssl@1.1/include -I/usr/local/opt/readline/include -D_XOPEN_SOURCE -D_DARWIN_C_SOURCE -D_DARWIN_UNLIMITED_SELECT -D_REENTRANT   -g -O2 -fno-common -pipe conftest.c  -L. -L/usr/local/Cellar/ruby@2.7/2.7.5/lib -L/usr/local/opt/libyaml/lib -L/usr/local/opt/openssl@1.1/lib -L/usr/local/opt/readline/lib -L. -fstack-protector-strong -L/usr/local/lib -L/usr/local/opt/libyaml/lib -L/usr/local/opt/openssl@1.1/lib -L/usr/local/opt/readline/lib     -lruby.2.7   "
conftest.c:16:57: warning: 'finite' is deprecated: first deprecated in macOS 10.9 - Use `isfinite((double)x)` instead. [-Wdeprecated-declarations]
int t(void) { void ((*volatile p)()); p = (void ((*)()))finite; return !p; }
                                                        ^
/Library/Developer/CommandLineTools/SDKs/MacOSX.sdk/usr/include/math.h:753:12: note: 'finite' has been explicitly marked deprecated here
extern int finite(double)
           ^
1 warning generated.
checked program was:
/* begin */
 1: #include "ruby.h"
 2: 
 3: #include <math.h>
 4: 
 5: /*top*/
 6: extern int t(void);
 7: int main(int argc, char **argv)
 8: {
 9:   if (argc > 1000000) {
10:     int (* volatile tp)(void)=(int (*)(void))&t;
11:     printf("%d", (*tp)());
12:   }
13: 
14:   return !!argv[argc];
15: }
16: int t(void) { void ((*volatile p)()); p = (void ((*)()))finite; return !p; }
/* end */

--------------------

have_func: checking for isfinite() in math.h... -------------------- no

"clang -o conftest -I/usr/local/Cellar/ruby@2.7/2.7.5/include/ruby-2.7.0/x86_64-darwin21 -I/usr/local/Cellar/ruby@2.7/2.7.5/include/ruby-2.7.0/ruby/backward -I/usr/local/Cellar/ruby@2.7/2.7.5/include/ruby-2.7.0 -I.  -I/usr/local/opt/libyaml/include -I/usr/local/opt/openssl@1.1/include -I/usr/local/opt/readline/include -D_XOPEN_SOURCE -D_DARWIN_C_SOURCE -D_DARWIN_UNLIMITED_SELECT -D_REENTRANT   -g -O2 -fno-common -pipe conftest.c  -L. -L/usr/local/Cellar/ruby@2.7/2.7.5/lib -L/usr/local/opt/libyaml/lib -L/usr/local/opt/openssl@1.1/lib -L/usr/local/opt/readline/lib -L. -fstack-protector-strong -L/usr/local/lib -L/usr/local/opt/libyaml/lib -L/usr/local/opt/openssl@1.1/lib -L/usr/local/opt/readline/lib     -lruby.2.7   "
conftest.c:16:57: error: use of undeclared identifier 'isfinite'
int t(void) { void ((*volatile p)()); p = (void ((*)()))isfinite; return !p; }
                                                        ^
1 error generated.
checked program was:
/* begin */
 1: #include "ruby.h"
 2: 
 3: #include <math.h>
 4: 
 5: /*top*/
 6: extern int t(void);
 7: int main(int argc, char **argv)
 8: {
 9:   if (argc > 1000000) {
10:     int (* volatile tp)(void)=(int (*)(void))&t;
11:     printf("%d", (*tp)());
12:   }
13: 
14:   return !!argv[argc];
15: }
16: int t(void) { void ((*volatile p)()); p = (void ((*)()))isfinite; return !p; }
/* end */

"clang -o conftest -I/usr/local/Cellar/ruby@2.7/2.7.5/include/ruby-2.7.0/x86_64-darwin21 -I/usr/local/Cellar/ruby@2.7/2.7.5/include/ruby-2.7.0/ruby/backward -I/usr/local/Cellar/ruby@2.7/2.7.5/include/ruby-2.7.0 -I.  -I/usr/local/opt/libyaml/include -I/usr/local/opt/openssl@1.1/include -I/usr/local/opt/readline/include -D_XOPEN_SOURCE -D_DARWIN_C_SOURCE -D_DARWIN_UNLIMITED_SELECT -D_REENTRANT   -g -O2 -fno-common -pipe conftest.c  -L. -L/usr/local/Cellar/ruby@2.7/2.7.5/lib -L/usr/local/opt/libyaml/lib -L/usr/local/opt/openssl@1.1/lib -L/usr/local/opt/readline/lib -L. -fstack-protector-strong -L/usr/local/lib -L/usr/local/opt/libyaml/lib -L/usr/local/opt/openssl@1.1/lib -L/usr/local/opt/readline/lib     -lruby.2.7   "
conftest.c:16:13: error: expected identifier or '('
extern void isfinite();
            ^
/Library/Developer/CommandLineTools/SDKs/MacOSX.sdk/usr/include/math.h:156:7: note: expanded from macro 'isfinite'
    ( sizeof(x) == sizeof(float)  ? __inline_isfinitef((float)(x))       \
      ^
conftest.c:16:13: error: expected ')'
/Library/Developer/CommandLineTools/SDKs/MacOSX.sdk/usr/include/math.h:156:7: note: expanded from macro 'isfinite'
    ( sizeof(x) == sizeof(float)  ? __inline_isfinitef((float)(x))       \
      ^
conftest.c:16:13: note: to match this '('
/Library/Developer/CommandLineTools/SDKs/MacOSX.sdk/usr/include/math.h:156:5: note: expanded from macro 'isfinite'
    ( sizeof(x) == sizeof(float)  ? __inline_isfinitef((float)(x))       \
    ^
conftest.c:17:15: error: expected expression
int t(void) { isfinite(); return 0; }
              ^
/Library/Developer/CommandLineTools/SDKs/MacOSX.sdk/usr/include/math.h:156:15: note: expanded from macro 'isfinite'
    ( sizeof(x) == sizeof(float)  ? __inline_isfinitef((float)(x))       \
              ^
conftest.c:17:15: error: expected expression
/Library/Developer/CommandLineTools/SDKs/MacOSX.sdk/usr/include/math.h:156:65: note: expanded from macro 'isfinite'
    ( sizeof(x) == sizeof(float)  ? __inline_isfinitef((float)(x))       \
                                                                ^
conftest.c:17:15: error: expected expression
/Library/Developer/CommandLineTools/SDKs/MacOSX.sdk/usr/include/math.h:157:15: note: expanded from macro 'isfinite'
    : sizeof(x) == sizeof(double) ? __inline_isfinited((double)(x))      \
              ^
conftest.c:17:15: error: expected expression
/Library/Developer/CommandLineTools/SDKs/MacOSX.sdk/usr/include/math.h:157:66: note: expanded from macro 'isfinite'
    : sizeof(x) == sizeof(double) ? __inline_isfinited((double)(x))      \
                                                                 ^
conftest.c:17:15: error: expected expression
/Library/Developer/CommandLineTools/SDKs/MacOSX.sdk/usr/include/math.h:158:71: note: expanded from macro 'isfinite'
                                  : __inline_isfinitel((long double)(x)))
                                                                      ^
7 errors generated.
checked program was:
/* begin */
 1: #include "ruby.h"
 2: 
 3: #include <math.h>
 4: 
 5: /*top*/
 6: extern int t(void);
 7: int main(int argc, char **argv)
 8: {
 9:   if (argc > 1000000) {
10:     int (* volatile tp)(void)=(int (*)(void))&t;
11:     printf("%d", (*tp)());
12:   }
13: 
14:   return !!argv[argc];
15: }
16: extern void isfinite();
17: int t(void) { isfinite(); return 0; }
/* end */

--------------------

have_header: checking for ruby/atomic.h... -------------------- no

"clang -E -I/usr/local/Cellar/ruby@2.7/2.7.5/include/ruby-2.7.0/x86_64-darwin21 -I/usr/local/Cellar/ruby@2.7/2.7.5/include/ruby-2.7.0/ruby/backward -I/usr/local/Cellar/ruby@2.7/2.7.5/include/ruby-2.7.0 -I.  -I/usr/local/opt/libyaml/include -I/usr/local/opt/openssl@1.1/include -I/usr/local/opt/readline/include -D_XOPEN_SOURCE -D_DARWIN_C_SOURCE -D_DARWIN_UNLIMITED_SELECT -D_REENTRANT   -g -O2 -fno-common -pipe  conftest.c -o conftest.i"
conftest.c:3:10: fatal error: 'ruby/atomic.h' file not found
#include <ruby/atomic.h>
         ^~~~~~~~~~~~~~~
conftest.c:3:10: note: did not find header 'atomic.h' in framework 'ruby' (loaded from '/Library/Developer/CommandLineTools/SDKs/MacOSX.sdk/System/Library/Frameworks')
1 error generated.
checked program was:
/* begin */
1: #include "ruby.h"
2: 
3: #include <ruby/atomic.h>
/* end */

--------------------

have_header: checking for ruby/internal/has/builtin.h... -------------------- no

"clang -E -I/usr/local/Cellar/ruby@2.7/2.7.5/include/ruby-2.7.0/x86_64-darwin21 -I/usr/local/Cellar/ruby@2.7/2.7.5/include/ruby-2.7.0/ruby/backward -I/usr/local/Cellar/ruby@2.7/2.7.5/include/ruby-2.7.0 -I.  -I/usr/local/opt/libyaml/include -I/usr/local/opt/openssl@1.1/include -I/usr/local/opt/readline/include -D_XOPEN_SOURCE -D_DARWIN_C_SOURCE -D_DARWIN_UNLIMITED_SELECT -D_REENTRANT   -g -O2 -fno-common -pipe  conftest.c -o conftest.i"
conftest.c:3:10: fatal error: 'ruby/internal/has/builtin.h' file not found
#include <ruby/internal/has/builtin.h>
         ^~~~~~~~~~~~~~~~~~~~~~~~~~~~~
conftest.c:3:10: note: did not find header 'internal/has/builtin.h' in framework 'ruby' (loaded from '/Library/Developer/CommandLineTools/SDKs/MacOSX.sdk/System/Library/Frameworks')
1 error generated.
checked program was:
/* begin */
1: #include "ruby.h"
2: 
3: #include <ruby/internal/has/builtin.h>
/* end */

--------------------

have_header: checking for ruby/internal/static_assert.h... -------------------- no

"clang -E -I/usr/local/Cellar/ruby@2.7/2.7.5/include/ruby-2.7.0/x86_64-darwin21 -I/usr/local/Cellar/ruby@2.7/2.7.5/include/ruby-2.7.0/ruby/backward -I/usr/local/Cellar/ruby@2.7/2.7.5/include/ruby-2.7.0 -I.  -I/usr/local/opt/libyaml/include -I/usr/local/opt/openssl@1.1/include -I/usr/local/opt/readline/include -D_XOPEN_SOURCE -D_DARWIN_C_SOURCE -D_DARWIN_UNLIMITED_SELECT -D_REENTRANT   -g -O2 -fno-common -pipe  conftest.c -o conftest.i"
conftest.c:3:10: fatal error: 'ruby/internal/static_assert.h' file not found
#include <ruby/internal/static_assert.h>
         ^~~~~~~~~~~~~~~~~~~~~~~~~~~~~~~
conftest.c:3:10: note: did not find header 'internal/static_assert.h' in framework 'ruby' (loaded from '/Library/Developer/CommandLineTools/SDKs/MacOSX.sdk/System/Library/Frameworks')
1 error generated.
checked program was:
/* begin */
1: #include "ruby.h"
2: 
3: #include <ruby/internal/static_assert.h>
/* end */

--------------------

have_func: checking for rb_rational_num() in ruby.h... -------------------- yes

"clang -o conftest -I/usr/local/Cellar/ruby@2.7/2.7.5/include/ruby-2.7.0/x86_64-darwin21 -I/usr/local/Cellar/ruby@2.7/2.7.5/include/ruby-2.7.0/ruby/backward -I/usr/local/Cellar/ruby@2.7/2.7.5/include/ruby-2.7.0 -I.  -I/usr/local/opt/libyaml/include -I/usr/local/opt/openssl@1.1/include -I/usr/local/opt/readline/include -D_XOPEN_SOURCE -D_DARWIN_C_SOURCE -D_DARWIN_UNLIMITED_SELECT -D_REENTRANT   -g -O2 -fno-common -pipe conftest.c  -L. -L/usr/local/Cellar/ruby@2.7/2.7.5/lib -L/usr/local/opt/libyaml/lib -L/usr/local/opt/openssl@1.1/lib -L/usr/local/opt/readline/lib -L. -fstack-protector-strong -L/usr/local/lib -L/usr/local/opt/libyaml/lib -L/usr/local/opt/openssl@1.1/lib -L/usr/local/opt/readline/lib     -lruby.2.7   "
checked program was:
/* begin */
 1: #include "ruby.h"
 2: 
 3: #include <ruby.h>
 4: 
 5: /*top*/
 6: extern int t(void);
 7: int main(int argc, char **argv)
 8: {
 9:   if (argc > 1000000) {
10:     int (* volatile tp)(void)=(int (*)(void))&t;
11:     printf("%d", (*tp)());
12:   }
13: 
14:   return !!argv[argc];
15: }
16: int t(void) { void ((*volatile p)()); p = (void ((*)()))rb_rational_num; return !p; }
/* end */

--------------------

have_func: checking for rb_rational_den() in ruby.h... -------------------- yes

"clang -o conftest -I/usr/local/Cellar/ruby@2.7/2.7.5/include/ruby-2.7.0/x86_64-darwin21 -I/usr/local/Cellar/ruby@2.7/2.7.5/include/ruby-2.7.0/ruby/backward -I/usr/local/Cellar/ruby@2.7/2.7.5/include/ruby-2.7.0 -I.  -I/usr/local/opt/libyaml/include -I/usr/local/opt/openssl@1.1/include -I/usr/local/opt/readline/include -D_XOPEN_SOURCE -D_DARWIN_C_SOURCE -D_DARWIN_UNLIMITED_SELECT -D_REENTRANT   -g -O2 -fno-common -pipe conftest.c  -L. -L/usr/local/Cellar/ruby@2.7/2.7.5/lib -L/usr/local/opt/libyaml/lib -L/usr/local/opt/openssl@1.1/lib -L/usr/local/opt/readline/lib -L. -fstack-protector-strong -L/usr/local/lib -L/usr/local/opt/libyaml/lib -L/usr/local/opt/openssl@1.1/lib -L/usr/local/opt/readline/lib     -lruby.2.7   "
checked program was:
/* begin */
 1: #include "ruby.h"
 2: 
 3: #include <ruby.h>
 4: 
 5: /*top*/
 6: extern int t(void);
 7: int main(int argc, char **argv)
 8: {
 9:   if (argc > 1000000) {
10:     int (* volatile tp)(void)=(int (*)(void))&t;
11:     printf("%d", (*tp)());
12:   }
13: 
14:   return !!argv[argc];
15: }
16: int t(void) { void ((*volatile p)()); p = (void ((*)()))rb_rational_den; return !p; }
/* end */

--------------------

have_func: checking for rb_complex_real() in ruby.h... -------------------- yes

"clang -o conftest -I/usr/local/Cellar/ruby@2.7/2.7.5/include/ruby-2.7.0/x86_64-darwin21 -I/usr/local/Cellar/ruby@2.7/2.7.5/include/ruby-2.7.0/ruby/backward -I/usr/local/Cellar/ruby@2.7/2.7.5/include/ruby-2.7.0 -I.  -I/usr/local/opt/libyaml/include -I/usr/local/opt/openssl@1.1/include -I/usr/local/opt/readline/include -D_XOPEN_SOURCE -D_DARWIN_C_SOURCE -D_DARWIN_UNLIMITED_SELECT -D_REENTRANT   -g -O2 -fno-common -pipe conftest.c  -L. -L/usr/local/Cellar/ruby@2.7/2.7.5/lib -L/usr/local/opt/libyaml/lib -L/usr/local/opt/openssl@1.1/lib -L/usr/local/opt/readline/lib -L. -fstack-protector-strong -L/usr/local/lib -L/usr/local/opt/libyaml/lib -L/usr/local/opt/openssl@1.1/lib -L/usr/local/opt/readline/lib     -lruby.2.7   "
checked program was:
/* begin */
 1: #include "ruby.h"
 2: 
 3: #include <ruby.h>
 4: 
 5: /*top*/
 6: extern int t(void);
 7: int main(int argc, char **argv)
 8: {
 9:   if (argc > 1000000) {
10:     int (* volatile tp)(void)=(int (*)(void))&t;
11:     printf("%d", (*tp)());
12:   }
13: 
14:   return !!argv[argc];
15: }
16: int t(void) { void ((*volatile p)()); p = (void ((*)()))rb_complex_real; return !p; }
/* end */

--------------------

have_func: checking for rb_complex_imag() in ruby.h... -------------------- yes

"clang -o conftest -I/usr/local/Cellar/ruby@2.7/2.7.5/include/ruby-2.7.0/x86_64-darwin21 -I/usr/local/Cellar/ruby@2.7/2.7.5/include/ruby-2.7.0/ruby/backward -I/usr/local/Cellar/ruby@2.7/2.7.5/include/ruby-2.7.0 -I.  -I/usr/local/opt/libyaml/include -I/usr/local/opt/openssl@1.1/include -I/usr/local/opt/readline/include -D_XOPEN_SOURCE -D_DARWIN_C_SOURCE -D_DARWIN_UNLIMITED_SELECT -D_REENTRANT   -g -O2 -fno-common -pipe conftest.c  -L. -L/usr/local/Cellar/ruby@2.7/2.7.5/lib -L/usr/local/opt/libyaml/lib -L/usr/local/opt/openssl@1.1/lib -L/usr/local/opt/readline/lib -L. -fstack-protector-strong -L/usr/local/lib -L/usr/local/opt/libyaml/lib -L/usr/local/opt/openssl@1.1/lib -L/usr/local/opt/readline/lib     -lruby.2.7   "
checked program was:
/* begin */
 1: #include "ruby.h"
 2: 
 3: #include <ruby.h>
 4: 
 5: /*top*/
 6: extern int t(void);
 7: int main(int argc, char **argv)
 8: {
 9:   if (argc > 1000000) {
10:     int (* volatile tp)(void)=(int (*)(void))&t;
11:     printf("%d", (*tp)());
12:   }
13: 
14:   return !!argv[argc];
15: }
16: int t(void) { void ((*volatile p)()); p = (void ((*)()))rb_complex_imag; return !p; }
/* end */

--------------------

have_func: checking for rb_opts_exception_p() in ruby.h... -------------------- yes

"clang -o conftest -I/usr/local/Cellar/ruby@2.7/2.7.5/include/ruby-2.7.0/x86_64-darwin21 -I/usr/local/Cellar/ruby@2.7/2.7.5/include/ruby-2.7.0/ruby/backward -I/usr/local/Cellar/ruby@2.7/2.7.5/include/ruby-2.7.0 -I.  -I/usr/local/opt/libyaml/include -I/usr/local/opt/openssl@1.1/include -I/usr/local/opt/readline/include -D_XOPEN_SOURCE -D_DARWIN_C_SOURCE -D_DARWIN_UNLIMITED_SELECT -D_REENTRANT   -g -O2 -fno-common -pipe conftest.c  -L. -L/usr/local/Cellar/ruby@2.7/2.7.5/lib -L/usr/local/opt/libyaml/lib -L/usr/local/opt/openssl@1.1/lib -L/usr/local/opt/readline/lib -L. -fstack-protector-strong -L/usr/local/lib -L/usr/local/opt/libyaml/lib -L/usr/local/opt/openssl@1.1/lib -L/usr/local/opt/readline/lib     -lruby.2.7   "
conftest.c:16:57: error: use of undeclared identifier 'rb_opts_exception_p'
int t(void) { void ((*volatile p)()); p = (void ((*)()))rb_opts_exception_p; return !p; }
                                                        ^
1 error generated.
checked program was:
/* begin */
 1: #include "ruby.h"
 2: 
 3: #include <ruby.h>
 4: 
 5: /*top*/
 6: extern int t(void);
 7: int main(int argc, char **argv)
 8: {
 9:   if (argc > 1000000) {
10:     int (* volatile tp)(void)=(int (*)(void))&t;
11:     printf("%d", (*tp)());
12:   }
13: 
14:   return !!argv[argc];
15: }
16: int t(void) { void ((*volatile p)()); p = (void ((*)()))rb_opts_exception_p; return !p; }
/* end */

"clang -o conftest -I/usr/local/Cellar/ruby@2.7/2.7.5/include/ruby-2.7.0/x86_64-darwin21 -I/usr/local/Cellar/ruby@2.7/2.7.5/include/ruby-2.7.0/ruby/backward -I/usr/local/Cellar/ruby@2.7/2.7.5/include/ruby-2.7.0 -I.  -I/usr/local/opt/libyaml/include -I/usr/local/opt/openssl@1.1/include -I/usr/local/opt/readline/include -D_XOPEN_SOURCE -D_DARWIN_C_SOURCE -D_DARWIN_UNLIMITED_SELECT -D_REENTRANT   -g -O2 -fno-common -pipe conftest.c  -L. -L/usr/local/Cellar/ruby@2.7/2.7.5/lib -L/usr/local/opt/libyaml/lib -L/usr/local/opt/openssl@1.1/lib -L/usr/local/opt/readline/lib -L. -fstack-protector-strong -L/usr/local/lib -L/usr/local/opt/libyaml/lib -L/usr/local/opt/openssl@1.1/lib -L/usr/local/opt/readline/lib     -lruby.2.7   "
checked program was:
/* begin */
 1: #include "ruby.h"
 2: 
 3: #include <ruby.h>
 4: 
 5: /*top*/
 6: extern int t(void);
 7: int main(int argc, char **argv)
 8: {
 9:   if (argc > 1000000) {
10:     int (* volatile tp)(void)=(int (*)(void))&t;
11:     printf("%d", (*tp)());
12:   }
13: 
14:   return !!argv[argc];
15: }
16: extern void rb_opts_exception_p();
17: int t(void) { rb_opts_exception_p(); return 0; }
/* end */

--------------------

have_func: checking for rb_category_warn() in ruby.h... -------------------- no

"clang -o conftest -I/usr/local/Cellar/ruby@2.7/2.7.5/include/ruby-2.7.0/x86_64-darwin21 -I/usr/local/Cellar/ruby@2.7/2.7.5/include/ruby-2.7.0/ruby/backward -I/usr/local/Cellar/ruby@2.7/2.7.5/include/ruby-2.7.0 -I.  -I/usr/local/opt/libyaml/include -I/usr/local/opt/openssl@1.1/include -I/usr/local/opt/readline/include -D_XOPEN_SOURCE -D_DARWIN_C_SOURCE -D_DARWIN_UNLIMITED_SELECT -D_REENTRANT   -g -O2 -fno-common -pipe conftest.c  -L. -L/usr/local/Cellar/ruby@2.7/2.7.5/lib -L/usr/local/opt/libyaml/lib -L/usr/local/opt/openssl@1.1/lib -L/usr/local/opt/readline/lib -L. -fstack-protector-strong -L/usr/local/lib -L/usr/local/opt/libyaml/lib -L/usr/local/opt/openssl@1.1/lib -L/usr/local/opt/readline/lib     -lruby.2.7   "
conftest.c:16:57: error: use of undeclared identifier 'rb_category_warn'
int t(void) { void ((*volatile p)()); p = (void ((*)()))rb_category_warn; return !p; }
                                                        ^
1 error generated.
checked program was:
/* begin */
 1: #include "ruby.h"
 2: 
 3: #include <ruby.h>
 4: 
 5: /*top*/
 6: extern int t(void);
 7: int main(int argc, char **argv)
 8: {
 9:   if (argc > 1000000) {
10:     int (* volatile tp)(void)=(int (*)(void))&t;
11:     printf("%d", (*tp)());
12:   }
13: 
14:   return !!argv[argc];
15: }
16: int t(void) { void ((*volatile p)()); p = (void ((*)()))rb_category_warn; return !p; }
/* end */

"clang -o conftest -I/usr/local/Cellar/ruby@2.7/2.7.5/include/ruby-2.7.0/x86_64-darwin21 -I/usr/local/Cellar/ruby@2.7/2.7.5/include/ruby-2.7.0/ruby/backward -I/usr/local/Cellar/ruby@2.7/2.7.5/include/ruby-2.7.0 -I.  -I/usr/local/opt/libyaml/include -I/usr/local/opt/openssl@1.1/include -I/usr/local/opt/readline/include -D_XOPEN_SOURCE -D_DARWIN_C_SOURCE -D_DARWIN_UNLIMITED_SELECT -D_REENTRANT   -g -O2 -fno-common -pipe conftest.c  -L. -L/usr/local/Cellar/ruby@2.7/2.7.5/lib -L/usr/local/opt/libyaml/lib -L/usr/local/opt/openssl@1.1/lib -L/usr/local/opt/readline/lib -L. -fstack-protector-strong -L/usr/local/lib -L/usr/local/opt/libyaml/lib -L/usr/local/opt/openssl@1.1/lib -L/usr/local/opt/readline/lib     -lruby.2.7   "
ld: Undefined symbols:
  _rb_category_warn, referenced from:
      _t in conftest-2ad7c2.o
clang: error: linker command failed with exit code 1 (use -v to see invocation)
checked program was:
/* begin */
 1: #include "ruby.h"
 2: 
 3: #include <ruby.h>
 4: 
 5: /*top*/
 6: extern int t(void);
 7: int main(int argc, char **argv)
 8: {
 9:   if (argc > 1000000) {
10:     int (* volatile tp)(void)=(int (*)(void))&t;
11:     printf("%d", (*tp)());
12:   }
13: 
14:   return !!argv[argc];
15: }
16: extern void rb_category_warn();
17: int t(void) { rb_category_warn(); return 0; }
/* end */

--------------------

have_const: checking for RB_WARN_CATEGORY_DEPRECATED in ruby.h... -------------------- no

"clang -I/usr/local/Cellar/ruby@2.7/2.7.5/include/ruby-2.7.0/x86_64-darwin21 -I/usr/local/Cellar/ruby@2.7/2.7.5/include/ruby-2.7.0/ruby/backward -I/usr/local/Cellar/ruby@2.7/2.7.5/include/ruby-2.7.0 -I.  -I/usr/local/opt/libyaml/include -I/usr/local/opt/openssl@1.1/include -I/usr/local/opt/readline/include -D_XOPEN_SOURCE -D_DARWIN_C_SOURCE -D_DARWIN_UNLIMITED_SELECT -D_REENTRANT   -g -O2 -fno-common -pipe   -c conftest.c"
conftest.c:7:34: error: use of undeclared identifier 'RB_WARN_CATEGORY_DEPRECATED'
conftest_type conftestval = (int)RB_WARN_CATEGORY_DEPRECATED;
                                 ^
1 error generated.
checked program was:
/* begin */
1: #include "ruby.h"
2: 
3: #include <ruby.h>
4: 
5: /*top*/
6: typedef int conftest_type;
7: conftest_type conftestval = (int)RB_WARN_CATEGORY_DEPRECATED;
/* end */

--------------------

